0 info it worked if it ends with ok
1 verbose cli [ '/home/noop/.nvm/versions/node/v5.0.0/bin/node',
1 verbose cli   '/home/noop/.nvm/versions/node/v5.0.0/bin/npm',
1 verbose cli   'start' ]
2 info using npm@3.5.1
3 info using node@v5.0.0
4 verbose run-script [ 'prestart', 'start', 'poststart' ]
5 info lifecycle oauth-app@0.0.0~prestart: oauth-app@0.0.0
6 silly lifecycle oauth-app@0.0.0~prestart: no script for prestart, continuing
7 info lifecycle oauth-app@0.0.0~start: oauth-app@0.0.0
8 verbose lifecycle oauth-app@0.0.0~start: unsafe-perm in lifecycle true
9 verbose lifecycle oauth-app@0.0.0~start: PATH: /home/noop/.nvm/versions/node/v5.0.0/lib/node_modules/npm/bin/node-gyp-bin:/home/noop/repos/test/oauth-app/node_modules/.bin:/home/noop/.nvm/versions/node/v5.0.0/bin:/home/noop/bin:/usr/local/bin:/usr/bin:/bin:/usr/bin/X11:/usr/games:/usr/lib/mit/bin:/usr/lib/mit/sbin:/usr/X11R6/bin
10 verbose lifecycle oauth-app@0.0.0~start: CWD: /home/noop/repos/test/oauth-app
11 silly lifecycle oauth-app@0.0.0~start: Args: [ '-c', 'babel-node bin/www' ]
12 silly lifecycle oauth-app@0.0.0~start: Returned: code: 1  signal: null
13 info lifecycle oauth-app@0.0.0~start: Failed to exec start script
14 verbose stack Error: oauth-app@0.0.0 start: `babel-node bin/www`
14 verbose stack Exit status 1
14 verbose stack     at EventEmitter.<anonymous> (/home/noop/.nvm/versions/node/v5.0.0/lib/node_modules/npm/lib/utils/lifecycle.js:232:16)
14 verbose stack     at emitTwo (events.js:87:13)
14 verbose stack     at EventEmitter.emit (events.js:172:7)
14 verbose stack     at ChildProcess.<anonymous> (/home/noop/.nvm/versions/node/v5.0.0/lib/node_modules/npm/lib/utils/spawn.js:24:14)
14 verbose stack     at emitTwo (events.js:87:13)
14 verbose stack     at ChildProcess.emit (events.js:172:7)
14 verbose stack     at maybeClose (internal/child_process.js:818:16)
14 verbose stack     at Process.ChildProcess._handle.onexit (internal/child_process.js:211:5)
15 verbose pkgid oauth-app@0.0.0
16 verbose cwd /home/noop/repos/test/oauth-app
17 error Linux 3.16.7-29-desktop
18 error argv "/home/noop/.nvm/versions/node/v5.0.0/bin/node" "/home/noop/.nvm/versions/node/v5.0.0/bin/npm" "start"
19 error node v5.0.0
20 error npm  v3.5.1
21 error code ELIFECYCLE
22 error oauth-app@0.0.0 start: `babel-node bin/www`
22 error Exit status 1
23 error Failed at the oauth-app@0.0.0 start script 'babel-node bin/www'.
23 error Make sure you have the latest version of node.js and npm installed.
23 error If you do, this is most likely a problem with the oauth-app package,
23 error not with npm itself.
23 error Tell the author that this fails on your system:
23 error     babel-node bin/www
23 error You can get information on how to open an issue for this project with:
23 error     npm bugs oauth-app
23 error Or if that isn't available, you can get their info via:
23 error     npm owner ls oauth-app
23 error There is likely additional logging output above.
24 verbose exit [ 1, true ]
